<?xml version="1.0" encoding="UTF-8"?>
<testsuite name="org.kidsinmotion.service.VolunteerServiceTest" tests="20" skipped="0" failures="0" errors="0" timestamp="2025-03-31T20:51:42" hostname="LAPTOP_NO-57" time="0.071">
  <properties/>
  <testcase name="testSignUpVolunteer()" classname="org.kidsinmotion.service.VolunteerServiceTest" time="0.003"/>
  <testcase name="testCancelVolunteer()" classname="org.kidsinmotion.service.VolunteerServiceTest" time="0.004"/>
  <testcase name="testCountVolunteers()" classname="org.kidsinmotion.service.VolunteerServiceTest" time="0.003"/>
  <testcase name="testRejectVolunteerNotPending()" classname="org.kidsinmotion.service.VolunteerServiceTest" time="0.005"/>
  <testcase name="testGetVolunteersByStatus()" classname="org.kidsinmotion.service.VolunteerServiceTest" time="0.003"/>
  <testcase name="testGetVolunteerById()" classname="org.kidsinmotion.service.VolunteerServiceTest" time="0.002"/>
  <testcase name="testGetVolunteersByUserId()" classname="org.kidsinmotion.service.VolunteerServiceTest" time="0.003"/>
  <testcase name="testCancelVolunteerWrongUser()" classname="org.kidsinmotion.service.VolunteerServiceTest" time="0.005"/>
  <testcase name="testConfirmVolunteerNotPending()" classname="org.kidsinmotion.service.VolunteerServiceTest" time="0.004"/>
  <testcase name="testSignUpVolunteerEventNotFound()" classname="org.kidsinmotion.service.VolunteerServiceTest" time="0.004"/>
  <testcase name="testGetVolunteerByIdNotFound()" classname="org.kidsinmotion.service.VolunteerServiceTest" time="0.002"/>
  <testcase name="testRejectVolunteerNotFound()" classname="org.kidsinmotion.service.VolunteerServiceTest" time="0.002"/>
  <testcase name="testSignUpVolunteerUserNotFound()" classname="org.kidsinmotion.service.VolunteerServiceTest" time="0.002"/>
  <testcase name="testGetVolunteersByEventId()" classname="org.kidsinmotion.service.VolunteerServiceTest" time="0.002"/>
  <testcase name="testRejectVolunteer()" classname="org.kidsinmotion.service.VolunteerServiceTest" time="0.003"/>
  <testcase name="testConfirmVolunteerNotFound()" classname="org.kidsinmotion.service.VolunteerServiceTest" time="0.003"/>
  <testcase name="testCancelVolunteerNotFound()" classname="org.kidsinmotion.service.VolunteerServiceTest" time="0.002"/>
  <testcase name="testSignUpVolunteerAlreadySignedUp()" classname="org.kidsinmotion.service.VolunteerServiceTest" time="0.003"/>
  <testcase name="testSignUpVolunteerEventDoesNotNeedVolunteers()" classname="org.kidsinmotion.service.VolunteerServiceTest" time="0.003"/>
  <testcase name="testConfirmVolunteer()" classname="org.kidsinmotion.service.VolunteerServiceTest" time="0.003"/>
  <system-out><![CDATA[Actual result: 3
]]></system-out>
  <system-err><![CDATA[]]></system-err>
</testsuite>
