<?xml version="1.0" encoding="UTF-8"?>
<testsuite name="org.kidsinmotion.util.PasswordUtilTest" tests="7" skipped="0" failures="0" errors="0" timestamp="2025-03-31T20:51:43" hostname="LAPTOP_NO-57" time="0.952">
  <properties/>
  <testcase name="testCheckPasswordSuccess()" classname="org.kidsinmotion.util.PasswordUtilTest" time="0.213"/>
  <testcase name="testCheckPasswordWithInvalidHash()" classname="org.kidsinmotion.util.PasswordUtilTest" time="0.0"/>
  <testcase name="testCheckPasswordFailure()" classname="org.kidsinmotion.util.PasswordUtilTest" time="0.211"/>
  <testcase name="testHashPassword()" classname="org.kidsinmotion.util.PasswordUtilTest" time="0.105"/>
  <testcase name="testCheckPasswordWithNullInputs()" classname="org.kidsinmotion.util.PasswordUtilTest" time="0.0"/>
  <testcase name="testSamePasswordYieldsDifferentHashesDueToSalt()" classname="org.kidsinmotion.util.PasswordUtilTest" time="0.208"/>
  <testcase name="testDifferentPasswordsYieldDifferentHashes()" classname="org.kidsinmotion.util.PasswordUtilTest" time="0.21"/>
  <system-out><![CDATA[]]></system-out>
  <system-err><![CDATA[]]></system-err>
</testsuite>
