<?xml version="1.0" encoding="UTF-8"?>
<testsuite name="org.kidsinmotion.dao.UserDAOTest" tests="8" skipped="0" failures="0" errors="0" timestamp="2025-03-31T20:51:40" hostname="LAPTOP_NO-57" time="0.22">
  <properties/>
  <testcase name="testFindByNonExistentEmail()" classname="org.kidsinmotion.dao.UserDAOTest" time="0.018"/>
  <testcase name="testFindAll()" classname="org.kidsinmotion.dao.UserDAOTest" time="0.045"/>
  <testcase name="testFindByRole()" classname="org.kidsinmotion.dao.UserDAOTest" time="0.024"/>
  <testcase name="testFindById()" classname="org.kidsinmotion.dao.UserDAOTest" time="0.021"/>
  <testcase name="testFindByEmail()" classname="org.kidsinmotion.dao.UserDAOTest" time="0.021"/>
  <testcase name="testDelete()" classname="org.kidsinmotion.dao.UserDAOTest" time="0.027"/>
  <testcase name="testSaveNew()" classname="org.kidsinmotion.dao.UserDAOTest" time="0.026"/>
  <testcase name="testUpdate()" classname="org.kidsinmotion.dao.UserDAOTest" time="0.034"/>
  <system-out><![CDATA[==== Users in Database ====
ID: 277, Email: admin@kidsinmotion.org, First Name: Admin, Last Name: User, Role: ADMIN
ID: 278, Email: test1@example.com, First Name: Test, Last Name: User1, Role: PARENT
ID: 279, Email: test2@example.com, First Name: Test, Last Name: User2, Role: VOLUNTEER
Total users: 3
==========================
]]></system-out>
  <system-err><![CDATA[]]></system-err>
</testsuite>
