<?xml version="1.0" encoding="UTF-8"?>
<testsuite name="org.kidsinmotion.service.EventServiceTest" tests="17" skipped="0" failures="0" errors="0" timestamp="2025-03-31T20:51:41" hostname="LAPTOP_NO-57" time="0.958">
  <properties/>
  <testcase name="testUpdateEventNotFound()" classname="org.kidsinmotion.service.EventServiceTest" time="0.88"/>
  <testcase name="testGetPastEvents()" classname="org.kidsinmotion.service.EventServiceTest" time="0.002"/>
  <testcase name="testDeleteEvent()" classname="org.kidsinmotion.service.EventServiceTest" time="0.003"/>
  <testcase name="testGetEventByIdNotFound()" classname="org.kidsinmotion.service.EventServiceTest" time="0.003"/>
  <testcase name="testGetVolunteersNeeded()" classname="org.kidsinmotion.service.EventServiceTest" time="0.004"/>
  <testcase name="testUpdateEvent()" classname="org.kidsinmotion.service.EventServiceTest" time="0.003"/>
  <testcase name="testCreateEvent()" classname="org.kidsinmotion.service.EventServiceTest" time="0.004"/>
  <testcase name="testGetUpcomingEvents()" classname="org.kidsinmotion.service.EventServiceTest" time="0.003"/>
  <testcase name="testCreateEventWithInvalidData()" classname="org.kidsinmotion.service.EventServiceTest" time="0.002"/>
  <testcase name="testGetAvailableSpots()" classname="org.kidsinmotion.service.EventServiceTest" time="0.004"/>
  <testcase name="testGetAllEvents()" classname="org.kidsinmotion.service.EventServiceTest" time="0.003"/>
  <testcase name="testIsEventFull()" classname="org.kidsinmotion.service.EventServiceTest" time="0.003"/>
  <testcase name="testIsEventNotFull()" classname="org.kidsinmotion.service.EventServiceTest" time="0.003"/>
  <testcase name="testGetEventById()" classname="org.kidsinmotion.service.EventServiceTest" time="0.013"/>
  <testcase name="testDoesNotNeedMoreVolunteers()" classname="org.kidsinmotion.service.EventServiceTest" time="0.005"/>
  <testcase name="testDeleteEventNotFound()" classname="org.kidsinmotion.service.EventServiceTest" time="0.004"/>
  <testcase name="testNeedsMoreVolunteers()" classname="org.kidsinmotion.service.EventServiceTest" time="0.003"/>
  <system-out><![CDATA[Setting up mock: eventDAO.findById(1) should return: Event{id=1, title='Test Event', eventType='CLINIC', sportType='BASEBALL', startDate=2025-04-01T16:51:42.111807300, endDate=2025-04-01T19:51:42.111807300}
Result from eventService.getEventById(1): Optional[Event{id=1, title='Test Event', eventType='CLINIC', sportType='BASEBALL', startDate=2025-04-01T16:51:42.111807300, endDate=2025-04-01T19:51:42.111807300}]
]]></system-out>
  <system-err><![CDATA[]]></system-err>
</testsuite>
