<?xml version="1.0" encoding="UTF-8"?>
<testsuite name="org.kidsinmotion.dao.ParticipantDAOTest" tests="8" skipped="0" failures="0" errors="0" timestamp="2025-03-31T20:51:40" hostname="LAPTOP_NO-57" time="0.316">
  <properties/>
  <testcase name="testFindById()" classname="org.kidsinmotion.dao.ParticipantDAOTest" time="0.045"/>
  <testcase name="testCountByEventId()" classname="org.kidsinmotion.dao.ParticipantDAOTest" time="0.025"/>
  <testcase name="testFindByParentEventAndChild()" classname="org.kidsinmotion.dao.ParticipantDAOTest" time="0.046"/>
  <testcase name="testFindByParentUserId()" classname="org.kidsinmotion.dao.ParticipantDAOTest" time="0.051"/>
  <testcase name="testDelete()" classname="org.kidsinmotion.dao.ParticipantDAOTest" time="0.031"/>
  <testcase name="testSaveNew()" classname="org.kidsinmotion.dao.ParticipantDAOTest" time="0.032"/>
  <testcase name="testUpdate()" classname="org.kidsinmotion.dao.ParticipantDAOTest" time="0.044"/>
  <testcase name="testFindByEventId()" classname="org.kidsinmotion.dao.ParticipantDAOTest" time="0.035"/>
  <system-out><![CDATA[]]></system-out>
  <system-err><![CDATA[]]></system-err>
</testsuite>
