<?xml version="1.0" encoding="UTF-8"?>
<testsuite name="org.kidsinmotion.service.UserServiceTest" tests="13" skipped="0" failures="0" errors="0" timestamp="2025-03-31T20:51:42" hostname="LAPTOP_NO-57" time="0.465">
  <properties/>
  <testcase name="testUpdateUserNotFound()" classname="org.kidsinmotion.service.UserServiceTest" time="0.003"/>
  <testcase name="testGetAllUsers()" classname="org.kidsinmotion.service.UserServiceTest" time="0.001"/>
  <testcase name="testUpdateUser()" classname="org.kidsinmotion.service.UserServiceTest" time="0.12"/>
  <testcase name="testRegisterUser()" classname="org.kidsinmotion.service.UserServiceTest" time="0.107"/>
  <testcase name="testAuthenticateUser()" classname="org.kidsinmotion.service.UserServiceTest" time="0.107"/>
  <testcase name="testAuthenticateUserInvalidPassword()" classname="org.kidsinmotion.service.UserServiceTest" time="0.111"/>
  <testcase name="testDeleteUser()" classname="org.kidsinmotion.service.UserServiceTest" time="0.002"/>
  <testcase name="testGetUserById()" classname="org.kidsinmotion.service.UserServiceTest" time="0.001"/>
  <testcase name="testAuthenticateUserNotFound()" classname="org.kidsinmotion.service.UserServiceTest" time="0.001"/>
  <testcase name="testGetUserByIdNotFound()" classname="org.kidsinmotion.service.UserServiceTest" time="0.001"/>
  <testcase name="testIsAdmin()" classname="org.kidsinmotion.service.UserServiceTest" time="0.0"/>
  <testcase name="testRegisterUserEmailExists()" classname="org.kidsinmotion.service.UserServiceTest" time="0.001"/>
  <testcase name="testDeleteUserNotFound()" classname="org.kidsinmotion.service.UserServiceTest" time="0.001"/>
  <system-out><![CDATA[]]></system-out>
  <system-err><![CDATA[]]></system-err>
</testsuite>
