<?xml version="1.0" encoding="UTF-8"?>
<testsuite name="org.kidsinmotion.dao.VolunteerDAOTest" tests="10" skipped="0" failures="0" errors="0" timestamp="2025-03-31T20:51:40" hostname="LAPTOP_NO-57" time="0.517">
  <properties/>
  <testcase name="testFindByStatus()" classname="org.kidsinmotion.dao.VolunteerDAOTest" time="0.093"/>
  <testcase name="testFindByUserId()" classname="org.kidsinmotion.dao.VolunteerDAOTest" time="0.055"/>
  <testcase name="testFindByUserIdAndEventId()" classname="org.kidsinmotion.dao.VolunteerDAOTest" time="0.061"/>
  <testcase name="testFindById()" classname="org.kidsinmotion.dao.VolunteerDAOTest" time="0.028"/>
  <testcase name="testUpdateStatus()" classname="org.kidsinmotion.dao.VolunteerDAOTest" time="0.041"/>
  <testcase name="testCountByEventId()" classname="org.kidsinmotion.dao.VolunteerDAOTest" time="0.041"/>
  <testcase name="testDelete()" classname="org.kidsinmotion.dao.VolunteerDAOTest" time="0.06"/>
  <testcase name="testSaveNew()" classname="org.kidsinmotion.dao.VolunteerDAOTest" time="0.036"/>
  <testcase name="testUpdate()" classname="org.kidsinmotion.dao.VolunteerDAOTest" time="0.044"/>
  <testcase name="testFindByEventId()" classname="org.kidsinmotion.dao.VolunteerDAOTest" time="0.051"/>
  <system-out><![CDATA[]]></system-out>
  <system-err><![CDATA[]]></system-err>
</testsuite>
