<?xml version="1.0" encoding="UTF-8"?>
<testsuite name="org.kidsinmotion.service.ParticipantServiceTest" tests="13" skipped="0" failures="0" errors="0" timestamp="2025-03-31T20:51:42" hostname="LAPTOP_NO-57" time="0.15">
  <properties/>
  <testcase name="testRegisterParticipant()" classname="org.kidsinmotion.service.ParticipantServiceTest" time="0.079"/>
  <testcase name="testGetParticipantById()" classname="org.kidsinmotion.service.ParticipantServiceTest" time="0.003"/>
  <testcase name="testCancelRegistrationParticipantNotFound()" classname="org.kidsinmotion.service.ParticipantServiceTest" time="0.003"/>
  <testcase name="testRegisterParticipantEventFull()" classname="org.kidsinmotion.service.ParticipantServiceTest" time="0.011"/>
  <testcase name="testGetParticipantByIdNotFound()" classname="org.kidsinmotion.service.ParticipantServiceTest" time="0.003"/>
  <testcase name="testRegisterParticipantEventNotFound()" classname="org.kidsinmotion.service.ParticipantServiceTest" time="0.007"/>
  <testcase name="testRegisterParticipantChildAlreadyRegistered()" classname="org.kidsinmotion.service.ParticipantServiceTest" time="0.01"/>
  <testcase name="testGetParticipantsByEventId()" classname="org.kidsinmotion.service.ParticipantServiceTest" time="0.004"/>
  <testcase name="testCountParticipants()" classname="org.kidsinmotion.service.ParticipantServiceTest" time="0.002"/>
  <testcase name="testRegisterParticipantParentNotFound()" classname="org.kidsinmotion.service.ParticipantServiceTest" time="0.005"/>
  <testcase name="testCancelRegistrationWrongParent()" classname="org.kidsinmotion.service.ParticipantServiceTest" time="0.006"/>
  <testcase name="testCancelRegistration()" classname="org.kidsinmotion.service.ParticipantServiceTest" time="0.004"/>
  <testcase name="testGetParticipantsByParentUserId()" classname="org.kidsinmotion.service.ParticipantServiceTest" time="0.004"/>
  <system-out><![CDATA[]]></system-out>
  <system-err><![CDATA[]]></system-err>
</testsuite>
